Player 0 soldier moved to (9,14), target=(15,16)
Player 0 soldier moved to (14,16), target=(15,16)
Player 0 soldier moved to (15,16), target=(15,16)
Player 0 soldier moved to (15,16), target=(15,16)
Player 0 soldier moved to (15,16), target=(15,16)
Player 0 soldier moved to (16,10), target=(19,10)
Player 0 soldier moved to (19,10), target=(19,10)
Player 0 soldier moved to (19,10), target=(19,10)
Player 0 soldier moved to (19,10), target=(19,10)
Player 1 soldier moved to (19,11), target=(0,10)
Player 1 soldier moved to (19,11), target=(0,10)
Player 1 soldier moved to (19,11), target=(0,10)
Player 1 soldier moved to (19,11), target=(0,10)
Player 1 soldier moved to (19,11), target=(0,10)
Player 1 soldier moved to (19,11), target=(0,10)
Player 1 soldier moved to (19,11), target=(0,10)
Player 1 soldier moved to (19,11), target=(0,10)
Player 1 soldier moved to (19,11), target=(0,10)
Player 1 soldier moved to (19,11), target=(0,10)
Player 1 soldier moved to (19,11), target=(0,10)
Player 1 soldier moved to (19,11), target=(0,10)
Player 1 soldier moved to (19,11), target=(0,10)
Player 1 soldier moved to (19,11), target=(0,10)
Player 1 soldier moved to (19,11), target=(0,10)
Player 1 soldier moved to (19,11), target=(0,10)
Player 1 soldier moved to (19,12), target=(0,10)
Player 1 soldier moved to (19,12), target=(0,10)
Player 1 soldier moved to (19,12), target=(0,10)
Player 1 soldier moved to (19,12), target=(0,10)
Player 1 soldier moved to (19,12), target=(0,10)
Player 1 soldier moved to (19,12), target=(0,10)
Player 1 soldier moved to (19,12), target=(0,10)
Player 1 soldier moved to (19,12), target=(0,10)
Player 1 soldier moved to (19,12), target=(0,10)
Player 1 soldier moved to (19,12), target=(0,10)
Player 1 soldier moved to (19,12), target=(0,10)
Player 1 soldier moved to (19,12), target=(0,10)
Player 1 soldier moved to (19,12), target=(0,10)
Player 1 soldier moved to (19,12), target=(0,10)
Player 1 soldier moved to (19,12), target=(0,10)
Player 1 soldier moved to (19,12), target=(0,10)
Player 0 soldier moved to (9,14), target=(19,10)
Player 1 soldier moved to (19,13), target=(0,10)
Player 1 soldier moved to (19,13), target=(0,10)
Player 1 soldier moved to (19,13), target=(0,10)
Player 1 soldier moved to (19,13), target=(0,10)
Player 1 soldier moved to (19,13), target=(0,10)
Player 1 soldier moved to (19,13), target=(0,10)
Player 1 soldier moved to (19,13), target=(0,10)
Player 1 soldier moved to (19,13), target=(0,10)
Player 1 soldier moved to (19,13), target=(0,10)
Player 1 soldier moved to (19,13), target=(0,10)
Player 1 soldier moved to (19,13), target=(0,10)
Player 1 soldier moved to (19,13), target=(0,10)
Player 1 soldier moved to (19,13), target=(0,10)
Player 1 soldier moved to (19,13), target=(0,10)
Player 1 soldier moved to (19,13), target=(0,10)
Player 1 soldier moved to (19,13), target=(0,10)
Player 0 soldier moved to (12,10), target=(19,10)
Cannon at (19,10) hits enemy soldier at (12,10) for 5 dmg
Cannon at (19,10) hits enemy soldier at (12,10) for 5 dmg
Cannon at (19,10) hits enemy soldier at (12,10) for 5 dmg
Cannon at (19,10) hits enemy soldier at (12,10) for 5 dmg
Player 1 soldier moved to (19,14), target=(0,10)
Player 1 soldier moved to (19,14), target=(0,10)
Player 1 soldier moved to (19,14), target=(0,10)
Player 1 soldier moved to (19,14), target=(0,10)
Player 1 soldier moved to (19,14), target=(0,10)
Player 1 soldier moved to (19,14), target=(0,10)
Player 1 soldier moved to (19,14), target=(0,10)
Player 1 soldier moved to (19,14), target=(0,10)
Player 1 soldier moved to (19,14), target=(0,10)
Player 1 soldier moved to (19,14), target=(0,10)
Player 1 soldier moved to (19,14), target=(0,10)
Player 1 soldier moved to (19,14), target=(0,10)
Player 1 soldier moved to (19,14), target=(0,10)
Player 1 soldier moved to (19,14), target=(0,10)
Player 1 soldier moved to (19,14), target=(0,10)
Player 1 soldier moved to (19,14), target=(0,10)
Player 0 soldier moved to (19,10), target=(19,10)
Player 1 soldier moved to (18,14), target=(0,10)
Player 1 soldier moved to (18,14), target=(0,10)
Player 1 soldier moved to (18,14), target=(0,10)
Player 1 soldier moved to (18,14), target=(0,10)
Player 1 soldier moved to (18,14), target=(0,10)
Player 1 soldier moved to (18,14), target=(0,10)
Player 1 soldier moved to (18,14), target=(0,10)
Player 1 soldier moved to (18,14), target=(0,10)
Player 1 soldier moved to (18,14), target=(0,10)
Player 1 soldier moved to (18,14), target=(0,10)
Player 1 soldier moved to (18,14), target=(0,10)
Player 1 soldier moved to (18,14), target=(0,10)
Player 1 soldier moved to (18,14), target=(0,10)
Player 1 soldier moved to (18,14), target=(0,10)
Player 1 soldier moved to (18,14), target=(0,10)
Player 1 soldier moved to (18,14), target=(0,10)
Player 1 soldier moved to (17,14), target=(0,10)
Player 1 soldier moved to (17,14), target=(0,10)
Player 1 soldier moved to (17,14), target=(0,10)
Player 1 soldier moved to (17,14), target=(0,10)
Player 1 soldier moved to (17,14), target=(0,10)
Player 1 soldier moved to (17,14), target=(0,10)
Player 1 soldier moved to (17,14), target=(0,10)
Player 1 soldier moved to (17,14), target=(0,10)
Player 1 soldier moved to (17,14), target=(0,10)
Player 1 soldier moved to (17,14), target=(0,10)
Player 1 soldier moved to (17,14), target=(0,10)
Player 1 soldier moved to (17,14), target=(0,10)
Player 1 soldier moved to (17,14), target=(0,10)
Player 1 soldier moved to (17,14), target=(0,10)
Player 1 soldier moved to (17,14), target=(0,10)
Player 1 soldier moved to (17,14), target=(0,10)
Player 0 knight moved to (10,14), target=(19,10)
Player 1 soldier moved to (16,14), target=(0,10)
Player 1 soldier moved to (16,14), target=(0,10)
Player 1 soldier moved to (16,14), target=(0,10)
Player 1 soldier moved to (16,14), target=(0,10)
Player 1 soldier moved to (16,14), target=(0,10)
Player 1 soldier moved to (16,14), target=(0,10)
Player 1 soldier moved to (16,14), target=(0,10)
Player 1 soldier moved to (16,14), target=(0,10)
Player 1 soldier moved to (16,14), target=(0,10)
Player 1 soldier moved to (16,14), target=(0,10)
Player 1 soldier moved to (16,14), target=(0,10)
Player 1 soldier moved to (16,14), target=(0,10)
Player 1 soldier moved to (16,14), target=(0,10)
Player 1 soldier moved to (16,14), target=(0,10)
Player 1 soldier moved to (16,14), target=(0,10)
Player 1 soldier moved to (16,14), target=(0,10)
Player 0 knight moved to (14,10), target=(19,10)
Cannon at (19,10) hits enemy knight at (14,10) for 5 dmg
Cannon at (19,10) hits enemy knight at (14,10) for 5 dmg
Cannon at (19,10) hits enemy knight at (14,10) for 5 dmg
Cannon at (19,10) hits enemy knight at (14,10) for 5 dmg
Player 1 soldier moved to (16,13), target=(14,10)
Player 1 soldier moved to (16,13), target=(14,10)
Player 1 soldier moved to (16,13), target=(14,10)
Player 1 soldier moved to (16,13), target=(14,10)
Player 1 soldier moved to (16,13), target=(14,10)
Player 1 soldier moved to (16,13), target=(14,10)
Player 1 soldier moved to (16,13), target=(14,10)
Player 1 soldier moved to (16,13), target=(14,10)
Player 1 soldier moved to (16,13), target=(14,10)
Player 1 soldier moved to (16,13), target=(14,10)
Player 1 soldier moved to (16,13), target=(14,10)
Player 1 soldier moved to (16,13), target=(14,10)
Player 1 soldier moved to (16,13), target=(14,10)
Player 1 soldier moved to (16,13), target=(14,10)
Player 1 soldier moved to (16,13), target=(14,10)
Player 1 soldier moved to (16,13), target=(14,10)
Player 0 knight moved to (19,10), target=(19,10)
Cannon at (19,10) hits enemy knight at (19,10) for 5 dmg
Cannon at (19,10) hits enemy knight at (19,10) for 5 dmg
Cannon at (19,10) hits enemy knight at (19,10) for 5 dmg
Player 1 soldier moved to (16,12), target=(19,10)
Player 1 soldier moved to (16,12), target=(19,10)
Player 1 soldier moved to (16,12), target=(19,10)
Player 1 soldier moved to (16,12), target=(19,10)
Player 1 soldier moved to (16,12), target=(19,10)
Player 1 soldier moved to (16,12), target=(19,10)
Player 1 soldier moved to (16,12), target=(19,10)
Player 1 soldier moved to (16,12), target=(19,10)
Player 1 soldier moved to (16,12), target=(19,10)
Player 1 soldier moved to (16,12), target=(19,10)
Player 1 soldier moved to (16,12), target=(19,10)
Player 1 soldier moved to (16,12), target=(19,10)
Player 1 soldier moved to (16,12), target=(19,10)
Player 1 soldier moved to (16,12), target=(19,10)
Player 1 soldier moved to (16,12), target=(19,10)
Player 1 soldier moved to (16,12), target=(19,10)
Player 0 knight moved to (19,10), target=(19,10)
Player 1 cannon at (19,10) destroyed by decay
Player 1 cannon at (19,10) destroyed by decay
Player 1 cannon at (19,10) destroyed by decay
Player 1 cannon at (19,10) destroyed by decay
Player 1 soldier moved to (16,11), target=(19,10)
Player 1 soldier moved to (16,11), target=(19,10)
Player 1 soldier moved to (16,11), target=(19,10)
Player 1 soldier moved to (16,11), target=(19,10)
Player 1 soldier moved to (16,11), target=(19,10)
Player 1 soldier moved to (16,11), target=(19,10)
Player 1 soldier moved to (16,11), target=(19,10)
Player 1 soldier moved to (16,11), target=(19,10)
Player 1 soldier moved to (16,11), target=(19,10)
Player 1 soldier moved to (16,11), target=(19,10)
Player 1 soldier moved to (16,11), target=(19,10)
Player 1 soldier moved to (16,11), target=(19,10)
Player 1 soldier moved to (16,11), target=(19,10)
Player 1 soldier moved to (16,11), target=(19,10)
Player 1 soldier moved to (16,11), target=(19,10)
Player 1 soldier moved to (16,11), target=(19,10)
Player 0 paratrooper moved to (9,14), target=(19,10)
Player 1 soldier moved to (16,10), target=(19,10)
Player 1 soldier moved to (16,10), target=(19,10)
Player 1 soldier moved to (16,10), target=(19,10)
Player 1 soldier moved to (16,10), target=(19,10)
Player 1 soldier moved to (16,10), target=(19,10)
Player 1 soldier moved to (16,10), target=(19,10)
Player 1 soldier moved to (16,10), target=(19,10)
Player 1 soldier moved to (16,10), target=(19,10)
Player 1 soldier moved to (16,10), target=(19,10)
Player 1 soldier moved to (16,10), target=(19,10)
Player 1 soldier moved to (16,10), target=(19,10)
Player 1 soldier moved to (16,10), target=(19,10)
Player 1 soldier moved to (16,10), target=(19,10)
Player 1 soldier moved to (16,10), target=(19,10)
Player 1 soldier moved to (16,10), target=(19,10)
Player 1 soldier moved to (16,10), target=(19,10)
Player 0 paratrooper moved to (12,10), target=(19,10)
Player 1 soldier moved to (15,10), target=(12,10)
Player 1 soldier moved to (15,10), target=(12,10)
Player 1 soldier moved to (15,10), target=(12,10)
Player 1 soldier moved to (15,10), target=(12,10)
Player 1 soldier moved to (15,10), target=(12,10)
Player 1 soldier moved to (15,10), target=(12,10)
Player 1 soldier moved to (15,10), target=(12,10)
Player 1 soldier moved to (15,10), target=(12,10)
Player 1 soldier moved to (15,10), target=(12,10)
Player 1 soldier moved to (15,10), target=(12,10)
Player 1 soldier moved to (15,10), target=(12,10)
Player 1 soldier moved to (15,10), target=(12,10)
Player 1 soldier moved to (15,10), target=(12,10)
Player 1 soldier moved to (15,10), target=(12,10)
Player 1 soldier moved to (15,10), target=(12,10)
Player 1 soldier moved to (15,10), target=(12,10)
Player 0 paratrooper moved to (15,10), target=(15,10)
Player 0 paratrooper attacked enemy(1, soldier) at (15,10), damage=40, enemy_hp=-20
Player 1 soldier moved to (15,10), target=(15,10)
Player 1 soldier attacked enemy(0, paratrooper) at (15,10), damage=10, enemy_hp=2
Player 1 soldier moved to (15,10), target=(15,10)
Player 1 soldier attacked enemy(0, paratrooper) at (15,10), damage=10, enemy_hp=-8
Player 1 soldier moved to (15,10), target=(15,10)
Player 1 soldier attacked enemy(0, paratrooper) at (15,10), damage=10, enemy_hp=-18
Player 1 soldier moved to (15,10), target=(15,10)
Player 1 soldier attacked enemy(0, paratrooper) at (15,10), damage=10, enemy_hp=-28
Player 1 soldier moved to (15,10), target=(15,10)
Player 1 soldier attacked enemy(0, paratrooper) at (15,10), damage=10, enemy_hp=-38
Player 1 soldier moved to (15,10), target=(15,10)
Player 1 soldier attacked enemy(0, paratrooper) at (15,10), damage=10, enemy_hp=-48
Player 1 soldier moved to (15,10), target=(15,10)
Player 1 soldier attacked enemy(0, paratrooper) at (15,10), damage=10, enemy_hp=-58
Player 1 soldier moved to (15,10), target=(15,10)
Player 1 soldier attacked enemy(0, paratrooper) at (15,10), damage=10, enemy_hp=-68
Player 1 soldier moved to (15,10), target=(15,10)
Player 1 soldier attacked enemy(0, paratrooper) at (15,10), damage=10, enemy_hp=-78
Player 1 soldier moved to (15,10), target=(15,10)
Player 1 soldier attacked enemy(0, paratrooper) at (15,10), damage=10, enemy_hp=-88
Player 1 soldier moved to (15,10), target=(15,10)
Player 1 soldier attacked enemy(0, paratrooper) at (15,10), damage=10, enemy_hp=-98
Player 1 soldier moved to (15,10), target=(15,10)
Player 1 soldier attacked enemy(0, paratrooper) at (15,10), damage=10, enemy_hp=-108
Player 1 soldier moved to (15,10), target=(15,10)
Player 1 soldier attacked enemy(0, paratrooper) at (15,10), damage=10, enemy_hp=-118
Player 1 soldier moved to (15,10), target=(15,10)
Player 1 soldier attacked enemy(0, paratrooper) at (15,10), damage=10, enemy_hp=-128
Player 1 soldier moved to (15,10), target=(15,10)
Player 1 soldier attacked enemy(0, paratrooper) at (15,10), damage=10, enemy_hp=-138
Player 0 paratrooper moved to (19,10), target=(19,10)
Player 1 soldier moved to (15,11), target=(0,10)
Player 1 soldier moved to (15,11), target=(0,10)
Player 1 soldier moved to (15,11), target=(0,10)
Player 1 soldier moved to (15,11), target=(0,10)
Player 1 soldier moved to (15,11), target=(0,10)
Player 1 soldier moved to (15,11), target=(0,10)
Player 1 soldier moved to (15,11), target=(0,10)
Player 1 soldier moved to (15,11), target=(0,10)
Player 1 soldier moved to (15,11), target=(0,10)
Player 1 soldier moved to (15,11), target=(0,10)
Player 1 soldier moved to (15,11), target=(0,10)
Player 1 soldier moved to (15,11), target=(0,10)
Player 1 soldier moved to (15,11), target=(0,10)
Player 1 soldier moved to (15,11), target=(0,10)
Player 1 soldier moved to (15,11), target=(0,10)
Player 1 soldier moved to (15,12), target=(0,10)
Player 1 soldier moved to (15,12), target=(0,10)
Player 1 soldier moved to (15,12), target=(0,10)
Player 1 soldier moved to (15,12), target=(0,10)
Player 1 soldier moved to (15,12), target=(0,10)
Player 1 soldier moved to (15,12), target=(0,10)
Player 1 soldier moved to (15,12), target=(0,10)
Player 1 soldier moved to (15,12), target=(0,10)
Player 1 soldier moved to (15,12), target=(0,10)
Player 1 soldier moved to (15,12), target=(0,10)
Player 1 soldier moved to (15,12), target=(0,10)
Player 1 soldier moved to (15,12), target=(0,10)
Player 1 soldier moved to (15,12), target=(0,10)
Player 1 soldier moved to (15,12), target=(0,10)
Player 1 soldier moved to (15,12), target=(0,10)
Player 1 soldier moved to (15,13), target=(0,10)
Player 1 soldier moved to (15,13), target=(0,10)
Player 1 soldier moved to (15,13), target=(0,10)
Player 1 soldier moved to (15,13), target=(0,10)
Player 1 soldier moved to (15,13), target=(0,10)
Player 1 soldier moved to (15,13), target=(0,10)
Player 1 soldier moved to (15,13), target=(0,10)
Player 1 soldier moved to (15,13), target=(0,10)
Player 1 soldier moved to (15,13), target=(0,10)
Player 1 soldier moved to (15,13), target=(0,10)
Player 1 soldier moved to (15,13), target=(0,10)
Player 1 soldier moved to (15,13), target=(0,10)
Player 1 soldier moved to (15,13), target=(0,10)
Player 1 soldier moved to (15,13), target=(0,10)
Player 1 soldier moved to (15,13), target=(0,10)
Player 1 soldier moved to (15,14), target=(0,10)
Player 1 soldier moved to (15,14), target=(0,10)
Player 1 soldier moved to (15,14), target=(0,10)
Player 1 soldier moved to (15,14), target=(0,10)
Player 1 soldier moved to (15,14), target=(0,10)
Player 1 soldier moved to (15,14), target=(0,10)
Player 1 soldier moved to (15,14), target=(0,10)
Player 1 soldier moved to (15,14), target=(0,10)
Player 1 soldier moved to (15,14), target=(0,10)
Player 1 soldier moved to (15,14), target=(0,10)
Player 1 soldier moved to (15,14), target=(0,10)
Player 1 soldier moved to (15,14), target=(0,10)
Player 1 soldier moved to (15,14), target=(0,10)
Player 1 soldier moved to (15,14), target=(0,10)
Player 1 soldier moved to (15,14), target=(0,10)
Player 1 soldier moved to (14,14), target=(0,10)
Player 1 soldier moved to (14,14), target=(0,10)
Player 1 soldier moved to (14,14), target=(0,10)
Player 1 soldier moved to (14,14), target=(0,10)
Player 1 soldier moved to (14,14), target=(0,10)
Player 1 soldier moved to (14,14), target=(0,10)
Player 1 soldier moved to (14,14), target=(0,10)
Player 1 soldier moved to (14,14), target=(0,10)
Player 1 soldier moved to (14,14), target=(0,10)
Player 1 soldier moved to (14,14), target=(0,10)
Player 1 soldier moved to (14,14), target=(0,10)
Player 1 soldier moved to (14,14), target=(0,10)
Player 1 soldier moved to (14,14), target=(0,10)
Player 1 soldier moved to (14,14), target=(0,10)
Player 1 soldier moved to (14,14), target=(0,10)
Player 1 soldier moved to (13,14), target=(0,10)
Player 1 soldier moved to (13,14), target=(0,10)
Player 1 soldier moved to (13,14), target=(0,10)
Player 1 soldier moved to (13,14), target=(0,10)
Player 1 soldier moved to (13,14), target=(0,10)
Player 1 soldier moved to (13,14), target=(0,10)
Player 1 soldier moved to (13,14), target=(0,10)
Player 1 soldier moved to (13,14), target=(0,10)
Player 1 soldier moved to (13,14), target=(0,10)
Player 1 soldier moved to (13,14), target=(0,10)
Player 1 soldier moved to (13,14), target=(0,10)
Player 1 soldier moved to (13,14), target=(0,10)
Player 1 soldier moved to (13,14), target=(0,10)
Player 1 soldier moved to (13,14), target=(0,10)
Player 1 soldier moved to (13,14), target=(0,10)
Player 1 soldier moved to (12,14), target=(0,10)
Player 1 soldier moved to (12,14), target=(0,10)
Player 1 soldier moved to (12,14), target=(0,10)
Player 1 soldier moved to (12,14), target=(0,10)
Player 1 soldier moved to (12,14), target=(0,10)
Player 1 soldier moved to (12,14), target=(0,10)
Player 1 soldier moved to (12,14), target=(0,10)
Player 1 soldier moved to (12,14), target=(0,10)
Player 1 soldier moved to (12,14), target=(0,10)
Player 1 soldier moved to (12,14), target=(0,10)
Player 1 soldier moved to (12,14), target=(0,10)
Player 1 soldier moved to (12,14), target=(0,10)
Player 1 soldier moved to (12,14), target=(0,10)
Player 1 soldier moved to (12,14), target=(0,10)
Player 1 soldier moved to (12,14), target=(0,10)
Player 1 soldier moved to (11,14), target=(0,10)
Player 1 soldier moved to (11,14), target=(0,10)
Player 1 soldier moved to (11,14), target=(0,10)
Player 1 soldier moved to (11,14), target=(0,10)
Player 1 soldier moved to (11,14), target=(0,10)
Player 1 soldier moved to (11,14), target=(0,10)
Player 1 soldier moved to (11,14), target=(0,10)
Player 1 soldier moved to (11,14), target=(0,10)
Player 1 soldier moved to (11,14), target=(0,10)
Player 1 soldier moved to (11,14), target=(0,10)
Player 1 soldier moved to (11,14), target=(0,10)
Player 1 soldier moved to (11,14), target=(0,10)
Player 1 soldier moved to (11,14), target=(0,10)
Player 1 soldier moved to (11,14), target=(0,10)
Player 1 soldier moved to (11,14), target=(0,10)
Player 1 soldier moved to (10,14), target=(0,10)
Player 1 soldier moved to (10,14), target=(0,10)
Player 1 soldier moved to (10,14), target=(0,10)
Player 1 soldier moved to (10,14), target=(0,10)
Player 1 soldier moved to (10,14), target=(0,10)
Player 1 soldier moved to (10,14), target=(0,10)
Player 1 soldier moved to (10,14), target=(0,10)
Player 1 soldier moved to (10,14), target=(0,10)
Player 1 soldier moved to (10,14), target=(0,10)
Player 1 soldier moved to (10,14), target=(0,10)
Player 1 soldier moved to (10,14), target=(0,10)
Player 1 soldier moved to (10,14), target=(0,10)
Player 1 soldier moved to (10,14), target=(0,10)
Player 1 soldier moved to (10,14), target=(0,10)
Player 1 soldier moved to (10,14), target=(0,10)
Player 1 soldier moved to (9,14), target=(0,10)
Player 1 soldier moved to (9,14), target=(0,10)
Player 1 soldier moved to (9,14), target=(0,10)
Player 1 soldier moved to (9,14), target=(0,10)
Player 1 soldier moved to (9,14), target=(0,10)
Player 1 soldier moved to (9,14), target=(0,10)
Player 1 soldier moved to (9,14), target=(0,10)
Player 1 soldier moved to (9,14), target=(0,10)
Player 1 soldier moved to (9,14), target=(0,10)
Player 1 soldier moved to (9,14), target=(0,10)
Player 1 soldier moved to (9,14), target=(0,10)
Player 1 soldier moved to (9,14), target=(0,10)
Player 1 soldier moved to (9,14), target=(0,10)
Player 1 soldier moved to (9,14), target=(0,10)
Player 1 soldier moved to (9,14), target=(0,10)
Player 1 soldier moved to (8,14), target=(4,16)
Player 1 soldier moved to (8,14), target=(4,16)
Player 1 soldier moved to (8,14), target=(4,16)
Player 1 soldier moved to (8,14), target=(4,16)
Player 1 soldier moved to (8,14), target=(4,16)
Player 1 soldier moved to (8,14), target=(4,16)
Player 1 soldier moved to (8,14), target=(4,16)
Player 1 soldier moved to (8,14), target=(4,16)
Player 1 soldier moved to (8,14), target=(4,16)
Player 1 soldier moved to (8,14), target=(4,16)
Player 1 soldier moved to (8,14), target=(4,16)
Player 1 soldier moved to (8,14), target=(4,16)
Player 1 soldier moved to (8,14), target=(4,16)
Player 1 soldier moved to (8,14), target=(4,16)
Player 1 soldier moved to (8,14), target=(4,16)
Player 1 soldier moved to (8,15), target=(4,16)
Player 1 soldier moved to (8,15), target=(4,16)
Player 1 soldier moved to (8,15), target=(4,16)
Player 1 soldier moved to (8,15), target=(4,16)
Player 1 soldier moved to (8,15), target=(4,16)
Player 1 soldier moved to (8,15), target=(4,16)
Player 1 soldier moved to (8,15), target=(4,16)
Player 1 soldier moved to (8,15), target=(4,16)
Player 1 soldier moved to (8,15), target=(4,16)
Player 1 soldier moved to (8,15), target=(4,16)
Player 1 soldier moved to (8,15), target=(4,16)
Player 1 soldier moved to (8,15), target=(4,16)
Player 1 soldier moved to (8,15), target=(4,16)
Player 1 soldier moved to (8,15), target=(4,16)
Player 1 soldier moved to (8,15), target=(4,16)
Player 1 soldier moved to (8,16), target=(4,16)
Player 1 soldier moved to (8,16), target=(4,16)
Player 1 soldier moved to (8,16), target=(4,16)
Player 1 soldier moved to (8,16), target=(4,16)
Player 1 soldier moved to (8,16), target=(4,16)
Player 1 soldier moved to (8,16), target=(4,16)
Player 1 soldier moved to (8,16), target=(4,16)
Player 1 soldier moved to (8,16), target=(4,16)
Player 1 soldier moved to (8,16), target=(4,16)
Player 1 soldier moved to (8,16), target=(4,16)
Player 1 soldier moved to (8,16), target=(4,16)
Player 1 soldier moved to (8,16), target=(4,16)
Player 1 soldier moved to (8,16), target=(4,16)
Player 1 soldier moved to (8,16), target=(4,16)
Player 1 soldier moved to (8,16), target=(4,16)
Player 1 soldier moved to (7,16), target=(4,16)
Player 1 soldier moved to (7,16), target=(4,16)
Player 1 soldier moved to (7,16), target=(4,16)
Player 1 soldier moved to (7,16), target=(4,16)
Player 1 soldier moved to (7,16), target=(4,16)
Player 1 soldier moved to (7,16), target=(4,16)
Player 1 soldier moved to (7,16), target=(4,16)
Player 1 soldier moved to (7,16), target=(4,16)
Player 1 soldier moved to (7,16), target=(4,16)
Player 1 soldier moved to (7,16), target=(4,16)
Player 1 soldier moved to (7,16), target=(4,16)
Player 1 soldier moved to (7,16), target=(4,16)
Player 1 soldier moved to (7,16), target=(4,16)
Player 1 soldier moved to (7,16), target=(4,16)
Player 1 soldier moved to (7,16), target=(4,16)
Player 1 soldier moved to (6,16), target=(4,16)
Player 1 soldier moved to (6,16), target=(4,16)
Player 1 soldier moved to (6,16), target=(4,16)
Player 1 soldier moved to (6,16), target=(4,16)
Player 1 soldier moved to (6,16), target=(4,16)
Player 1 soldier moved to (6,16), target=(4,16)
Player 1 soldier moved to (6,16), target=(4,16)
Player 1 soldier moved to (6,16), target=(4,16)
Player 1 soldier moved to (6,16), target=(4,16)
Player 1 soldier moved to (6,16), target=(4,16)
Player 1 soldier moved to (6,16), target=(4,16)
Player 1 soldier moved to (6,16), target=(4,16)
Player 1 soldier moved to (6,16), target=(4,16)
Player 1 soldier moved to (6,16), target=(4,16)
Player 1 soldier moved to (6,16), target=(4,16)
Player 1 soldier moved to (5,16), target=(4,16)
Player 1 soldier moved to (5,16), target=(4,16)
Player 1 soldier moved to (5,16), target=(4,16)
Player 1 soldier moved to (5,16), target=(4,16)
Player 1 soldier moved to (5,16), target=(4,16)
Player 1 soldier moved to (5,16), target=(4,16)
Player 1 soldier moved to (5,16), target=(4,16)
Player 1 soldier moved to (5,16), target=(4,16)
Player 1 soldier moved to (5,16), target=(4,16)
Player 1 soldier moved to (5,16), target=(4,16)
Player 1 soldier moved to (5,16), target=(4,16)
Player 1 soldier moved to (5,16), target=(4,16)
Player 1 soldier moved to (5,16), target=(4,16)
Player 1 soldier moved to (5,16), target=(4,16)
Player 1 soldier moved to (5,16), target=(4,16)
Player 1 soldier moved to (4,16), target=(4,16)
Player 1 soldier moved to (4,16), target=(4,16)
Player 1 soldier moved to (4,16), target=(4,16)
Player 1 soldier moved to (4,16), target=(4,16)
Player 1 soldier moved to (4,16), target=(4,16)
Player 1 soldier moved to (4,16), target=(4,16)
Player 1 soldier moved to (4,16), target=(4,16)
Player 1 soldier moved to (4,16), target=(4,16)
Player 1 soldier moved to (4,16), target=(4,16)
Player 1 soldier moved to (4,16), target=(4,16)
Player 1 soldier moved to (4,16), target=(4,16)
Player 1 soldier moved to (4,16), target=(4,16)
Player 1 soldier moved to (4,16), target=(4,16)
Player 1 soldier moved to (4,16), target=(4,16)
Player 1 soldier moved to (4,16), target=(4,16)
Player 1 soldier moved to (4,15), target=(0,10)
Player 1 soldier moved to (4,15), target=(0,10)
Player 1 soldier moved to (4,15), target=(0,10)
Player 1 soldier moved to (4,15), target=(0,10)
Player 1 soldier moved to (4,15), target=(0,10)
Player 1 soldier moved to (4,15), target=(0,10)
Player 1 soldier moved to (4,15), target=(0,10)
Player 1 soldier moved to (4,15), target=(0,10)
Player 1 soldier moved to (4,15), target=(0,10)
Player 1 soldier moved to (4,15), target=(0,10)
Player 1 soldier moved to (4,15), target=(0,10)
Player 1 soldier moved to (4,15), target=(0,10)
Player 1 soldier moved to (4,15), target=(0,10)
Player 1 soldier moved to (4,15), target=(0,10)
Player 1 soldier moved to (4,15), target=(0,10)
Player 1 soldier moved to (4,14), target=(0,10)
Player 1 soldier moved to (4,14), target=(0,10)
Player 1 soldier moved to (4,14), target=(0,10)
Player 1 soldier moved to (4,14), target=(0,10)
Player 1 soldier moved to (4,14), target=(0,10)
Player 1 soldier moved to (4,14), target=(0,10)
Player 1 soldier moved to (4,14), target=(0,10)
Player 1 soldier moved to (4,14), target=(0,10)
Player 1 soldier moved to (4,14), target=(0,10)
Player 1 soldier moved to (4,14), target=(0,10)
Player 1 soldier moved to (4,14), target=(0,10)
Player 1 soldier moved to (4,14), target=(0,10)
Player 1 soldier moved to (4,14), target=(0,10)
Player 1 soldier moved to (4,14), target=(0,10)
Player 1 soldier moved to (4,14), target=(0,10)
Player 1 soldier moved to (4,13), target=(0,10)
Player 1 soldier moved to (4,13), target=(0,10)
Player 1 soldier moved to (4,13), target=(0,10)
Player 1 soldier moved to (4,13), target=(0,10)
Player 1 soldier moved to (4,13), target=(0,10)
Player 1 soldier moved to (4,13), target=(0,10)
Player 1 soldier moved to (4,13), target=(0,10)
Player 1 soldier moved to (4,13), target=(0,10)
Player 1 soldier moved to (4,13), target=(0,10)
Player 1 soldier moved to (4,13), target=(0,10)
Player 1 soldier moved to (4,13), target=(0,10)
Player 1 soldier moved to (4,13), target=(0,10)
Player 1 soldier moved to (4,13), target=(0,10)
Player 1 soldier moved to (4,13), target=(0,10)
Player 1 soldier moved to (4,13), target=(0,10)
Player 1 soldier moved to (4,12), target=(0,10)
Player 1 soldier moved to (4,12), target=(0,10)
Player 1 soldier moved to (4,12), target=(0,10)
Player 1 soldier moved to (4,12), target=(0,10)
Player 1 soldier moved to (4,12), target=(0,10)
Player 1 soldier moved to (4,12), target=(0,10)
Player 1 soldier moved to (4,12), target=(0,10)
Player 1 soldier moved to (4,12), target=(0,10)
Player 1 soldier moved to (4,12), target=(0,10)
Player 1 soldier moved to (4,12), target=(0,10)
Player 1 soldier moved to (4,12), target=(0,10)
Player 1 soldier moved to (4,12), target=(0,10)
Player 1 soldier moved to (4,12), target=(0,10)
Player 1 soldier moved to (4,12), target=(0,10)
Player 1 soldier moved to (4,12), target=(0,10)
Player 1 soldier moved to (4,11), target=(0,10)
Player 1 soldier moved to (4,11), target=(0,10)
Player 1 soldier moved to (4,11), target=(0,10)
Player 1 soldier moved to (4,11), target=(0,10)
Player 1 soldier moved to (4,11), target=(0,10)
Player 1 soldier moved to (4,11), target=(0,10)
Player 1 soldier moved to (4,11), target=(0,10)
Player 1 soldier moved to (4,11), target=(0,10)
Player 1 soldier moved to (4,11), target=(0,10)
Player 1 soldier moved to (4,11), target=(0,10)
Player 1 soldier moved to (4,11), target=(0,10)
Player 1 soldier moved to (4,11), target=(0,10)
Player 1 soldier moved to (4,11), target=(0,10)
Player 1 soldier moved to (4,11), target=(0,10)
Player 1 soldier moved to (4,11), target=(0,10)
Player 1 soldier moved to (4,10), target=(0,10)
Player 1 soldier moved to (4,10), target=(0,10)
Player 1 soldier moved to (4,10), target=(0,10)
Player 1 soldier moved to (4,10), target=(0,10)
Player 1 soldier moved to (4,10), target=(0,10)
Player 1 soldier moved to (4,10), target=(0,10)
Player 1 soldier moved to (4,10), target=(0,10)
Player 1 soldier moved to (4,10), target=(0,10)
Player 1 soldier moved to (4,10), target=(0,10)
Player 1 soldier moved to (4,10), target=(0,10)
Player 1 soldier moved to (4,10), target=(0,10)
Player 1 soldier moved to (4,10), target=(0,10)
Player 1 soldier moved to (4,10), target=(0,10)
Player 1 soldier moved to (4,10), target=(0,10)
Player 1 soldier moved to (4,10), target=(0,10)
Player 1 soldier moved to (3,10), target=(0,10)
Player 1 soldier moved to (3,10), target=(0,10)
Player 1 soldier moved to (3,10), target=(0,10)
Player 1 soldier moved to (3,10), target=(0,10)
Player 1 soldier moved to (3,10), target=(0,10)
Player 1 soldier moved to (3,10), target=(0,10)
Player 1 soldier moved to (3,10), target=(0,10)
Player 1 soldier moved to (3,10), target=(0,10)
Player 1 soldier moved to (3,10), target=(0,10)
Player 1 soldier moved to (3,10), target=(0,10)
Player 1 soldier moved to (3,10), target=(0,10)
Player 1 soldier moved to (3,10), target=(0,10)
Player 1 soldier moved to (3,10), target=(0,10)
Player 1 soldier moved to (3,10), target=(0,10)
Player 1 soldier moved to (2,10), target=(0,10)
Player 1 soldier moved to (2,10), target=(0,10)
Player 1 soldier moved to (2,10), target=(0,10)
Player 1 soldier moved to (2,10), target=(0,10)
Player 1 soldier moved to (2,10), target=(0,10)
Player 1 soldier moved to (2,10), target=(0,10)
Player 1 soldier moved to (2,10), target=(0,10)
Player 1 soldier moved to (2,10), target=(0,10)
Player 1 soldier moved to (2,10), target=(0,10)
Player 1 soldier moved to (2,10), target=(0,10)
Player 1 soldier moved to (2,10), target=(0,10)
Player 1 soldier moved to (2,10), target=(0,10)
Player 1 soldier moved to (2,10), target=(0,10)
Player 1 soldier moved to (2,10), target=(0,10)
Player 1 soldier moved to (1,10), target=(0,10)
Player 1 soldier moved to (1,10), target=(0,10)
Player 1 soldier moved to (1,10), target=(0,10)
Player 1 soldier moved to (1,10), target=(0,10)
Player 1 soldier moved to (1,10), target=(0,10)
Player 1 soldier moved to (1,10), target=(0,10)
Player 1 soldier moved to (1,10), target=(0,10)
Player 1 soldier moved to (1,10), target=(0,10)
Player 1 soldier moved to (1,10), target=(0,10)
Player 1 soldier moved to (1,10), target=(0,10)
Player 1 soldier moved to (1,10), target=(0,10)
Player 1 soldier moved to (1,10), target=(0,10)
Player 1 soldier moved to (1,10), target=(0,10)
Player 1 soldier moved to (1,10), target=(0,10)
Player 1 soldier moved to (0,10), target=(0,10)
Player 1 soldier moved to (0,10), target=(0,10)
Player 1 soldier moved to (0,10), target=(0,10)
Player 1 soldier moved to (0,10), target=(0,10)
Player 1 soldier moved to (0,10), target=(0,10)
Player 1 soldier moved to (0,10), target=(0,10)
Player 1 soldier moved to (0,10), target=(0,10)
Player 1 soldier moved to (0,10), target=(0,10)
Player 1 soldier moved to (0,10), target=(0,10)
Player 1 soldier moved to (0,10), target=(0,10)
Player 1 soldier moved to (0,10), target=(0,10)
Player 1 soldier moved to (0,10), target=(0,10)
Player 1 soldier moved to (0,10), target=(0,10)
Player 1 soldier moved to (0,10), target=(0,10)
Player 1 soldier moved to (0,10), target=(0,10)
Player 1 soldier moved to (0,10), target=(0,10)
Player 1 soldier moved to (0,10), target=(0,10)
Player 1 soldier moved to (0,10), target=(0,10)
Player 1 soldier moved to (0,10), target=(0,10)
Player 1 soldier moved to (0,10), target=(0,10)
Player 1 soldier moved to (0,10), target=(0,10)
Player 1 soldier moved to (0,10), target=(0,10)
Player 1 soldier moved to (0,10), target=(0,10)
Player 1 soldier moved to (0,10), target=(0,10)
Player 1 soldier moved to (0,10), target=(0,10)
Player 1 soldier moved to (0,10), target=(0,10)
Player 1 soldier moved to (0,10), target=(0,10)
Player 1 soldier moved to (0,10), target=(0,10)
Player 1 soldier moved to (0,10), target=(0,10)
Player 1 soldier moved to (0,10), target=(0,10)
Player 1 soldier moved to (0,10), target=(0,10)
Player 1 soldier moved to (0,10), target=(0,10)
Player 1 soldier moved to (0,10), target=(0,10)
Player 1 soldier moved to (0,10), target=(0,10)
Player 1 soldier moved to (0,10), target=(0,10)
Player 1 soldier moved to (0,10), target=(0,10)
Player 1 soldier moved to (0,10), target=(0,10)
Player 1 soldier moved to (0,10), target=(0,10)
Player 1 soldier moved to (0,10), target=(0,10)
Player 1 soldier moved to (0,10), target=(0,10)
Player 1 soldier moved to (0,10), target=(0,10)
Player 1 soldier moved to (0,10), target=(0,10)
